    ARLS       KR       --      BHZ  0.033  0.100    79.9  80 261    7.80   11.40  -3.49645  -5.04039    34.98935
    ARLS       KR       --      BHN  0.033  0.100    79.9  80 261    8.20   12.00  -3.60090  -4.52662     8.42789
    ARLS       KR       --      BHE  0.033  0.100    79.9  80 261    5.40   12.40  -4.22218  -5.02488     6.34889
    EKS2       KN       --      BHZ  0.033  0.100   107.6  18 198   10.00   11.80  -3.67049  -5.08067    25.71413
    EKS2       KN       --      BHN  0.033  0.100   107.6  18 198    6.20   12.20  -3.92539  -5.08689    14.50427
    EKS2       KN       --      BHE  0.033  0.100   107.6  18 198    5.80   11.60  -3.75191  -5.11168    22.89671
     UCH       KN       --      BHZ  0.033  0.100   108.4  60 240    4.20   11.80  -3.62332  -5.47807    71.57243
     UCH       KN       --      BHN  0.033  0.100   108.4  60 240   11.00   11.60  -3.61421  -5.03447    26.31880
     UCH       KN       --      BHE  0.033  0.100   108.4  60 240   12.20   11.60  -3.96454  -5.10459    13.80524
     KBK       KN       --      BHZ  0.033  0.100   164.6  51 232    9.80   11.48  -3.67535  -5.22943    35.81650
     KBK       KN       --      BHN  0.033  0.100   164.6  51 232    7.00   12.04  -3.74499  -4.84437    12.57128
     KBK       KN       --      BHE  0.033  0.100   164.6  51 232   13.72   15.12  -3.99487  -4.74624     5.64123
     CHM       KN       --      BHZ  0.033  0.100   179.7  38 219    7.56   12.04  -3.81654  -5.58887    59.20165
     CHM       KN       --      BHN  0.033  0.100   179.7  38 219   16.80   12.32  -3.85771  -4.72610     7.38571
     CHM       KN       --      BHE  0.033  0.100   179.7  38 219   17.08   12.32  -3.93539  -4.98207    11.13466
     USP       KN       --      BHZ  0.033  0.100   193.1  28 209    9.28   12.16  -3.86171  -5.09056    16.93747
     USP       KN       --      BHN  0.033  0.100   193.1  28 209   17.92   12.80  -3.80107  -5.28653    30.58150
     USP       KN       --      BHE  0.033  0.100   193.1  28 209    8.64   12.48  -3.86578  -5.07352    16.13402
    TKM2       KN       --      BHZ  0.033  0.100   224.7  53 235    8.40   12.00  -3.79487  -5.72486    85.11118
    TKM2       KN       --      BHN  0.033  0.100   224.7  53 235   11.60   12.00  -3.93359  -5.36384    26.93106
    TKM2       KN       --      BHE  0.033  0.100   224.7  53 235   15.20   11.60  -4.10185  -5.17321    11.78581
    ULHL       KN       --      BHZ  0.033  0.100   243.2  76 258   13.64   11.88  -3.70738  -5.43785    53.76141
    ULHL       KN       --      BHN  0.033  0.100   243.2  76 258   20.68   11.44  -3.80177  -5.02103    16.56756
    ULHL       KN       --      BHE  0.033  0.100   243.2  76 258   16.28   11.88  -4.31034  -4.93401     4.20405
