#   sta     net      loc      evdp otsec ts0    dist  az  flo    fhi  used vr_ev  vr_sta  vr_z   vr_r   vr_t        snr_z        snr_r        snr_t
000 ARLS     KR       --          6  43  -8     79.9  80  0.033  0.100  1   58.0   67.5   80.2   61.7 -139.1     34.98116      8.48345      6.34608
001 EKS2     KN       --          6  43  -8    107.6  18  0.033  0.100  1   58.0    8.7   45.2  -27.6  -25.3     25.68448     14.49597     22.93616
002 UCH      KN       --          6  43  -8    108.4  60  0.033  0.100  1   58.0   81.1   78.2   89.1   51.0     67.96860     26.38573     13.80629
003 KBK      KN       --          6  43  -8    164.6  51  0.033  0.100  1   58.0   55.5   73.8   56.3    5.0     35.82550     12.61919      5.64707
004 CHM      KN       --          6  43  -8    179.7  38  0.033  0.100  1   58.0   63.6   78.9   55.7   51.6     59.13221      7.37698     11.20262
005 USP      KN       --          6  43  -8    193.1  28  0.033  0.100  1   58.0   50.6   86.4   48.7   20.3     16.94769     30.55626     16.15151
006 TKM2     KN       --          6  43  -8    224.7  53  0.033  0.100  1   58.0   61.8   68.1   57.9   48.3     85.65276     26.95099     11.94112
007 ULHL     KN       --          6  43  -8    243.2  76  0.033  0.100  1   58.0   54.6   62.1   55.8  -28.6     53.74172     16.59124      4.20454
#   sta     net      loc      evdp otsec ts0    dist  az  flo    fhi  used vr_ev  vr_sta  vr_z   vr_r   vr_t        snr_z        snr_r        snr_t
000 ARLS     KR       --          1  42  -7     79.9  80  0.033  0.100  1   67.4   76.5   86.9   76.0 -150.1     34.98116      8.48345      6.34608
001 EKS2     KN       --          1  42  -7    107.6  18  0.033  0.100  1   67.4   32.6   58.4   28.8   -2.3     25.68448     14.49597     22.93616
002 UCH      KN       --          1  42  -7    108.4  60  0.033  0.100  1   67.4   85.7   85.8   91.4   53.4     67.96860     26.38573     13.80629
003 KBK      KN       --          1  42  -7    164.6  51  0.033  0.100  1   67.4   58.2   80.2   67.2  -20.7     35.82550     12.61919      5.64707
004 CHM      KN       --          1  42  -7    179.7  38  0.033  0.100  1   67.4   71.3   85.0   63.7   61.4     59.13221      7.37698     11.20262
005 USP      KN       --          1  42  -7    193.1  28  0.033  0.100  1   67.4   65.6   89.9   51.2   64.5     16.94769     30.55626     16.15151
006 TKM2     KN       --          1  42  -7    224.7  53  0.033  0.100  1   67.4   64.2   73.2   62.6   35.9     85.65276     26.95099     11.94112
007 ULHL     KN       --          1  42  -7    243.2  76  0.033  0.100  1   67.4   59.4   68.8   66.0  -82.7     53.74172     16.59124      4.20454
#   sta     net      loc      evdp otsec ts0    dist  az  flo    fhi  used vr_ev  vr_sta  vr_z   vr_r   vr_t        snr_z        snr_r        snr_t
000 ARLS     KR       --          1  41  -6     79.9  80  0.033  0.100  1   71.6   81.7   82.5   83.8   35.9     34.98116      8.48345      6.34608
001 EKS2     KN       --          1  41  -6    107.6  18  0.033  0.100  1   71.6   52.1   54.7   31.0   59.1     25.68448     14.49597     22.93616
002 UCH      KN       --          1  41  -6    108.4  60  0.033  0.100  1   71.6   84.3   89.1   88.8   37.1     67.96860     26.38573     13.80629
003 KBK      KN       --          1  41  -6    164.6  51  0.033  0.100  1   71.6   58.4   80.2   73.9  -34.9     35.82550     12.61919      5.64707
004 CHM      KN       --          1  41  -6    179.7  38  0.033  0.100  1   71.6   66.2   86.1   67.7   30.2     59.13221      7.37698     11.20262
005 USP      KN       --          1  41  -6    193.1  28  0.033  0.100  1   71.6   70.3   92.3   53.3   74.8     16.94769     30.55626     16.15151
006 TKM2     KN       --          1  41  -6    224.7  53  0.033  0.100  1   71.6   61.9   71.4   68.3   16.0     85.65276     26.95099     11.94112
007 ULHL     KN       --          1  41  -6    243.2  76  0.033  0.100  1   71.6   63.6   65.9   72.8  -31.1     53.74172     16.59124      4.20454
#   sta     net      loc      evdp otsec ts0    dist  az  flo    fhi  used vr_ev  vr_sta  vr_z   vr_r   vr_t        snr_z        snr_r        snr_t
000 ARLS     KR       --          8  40  -5     79.9  80  0.033  0.100  1   70.0   86.2   88.7   84.6   52.5     34.98116      8.48345      6.34608
001 EKS2     KN       --          8  40  -5    107.6  18  0.033  0.100  1   70.0   63.9   72.0   28.7   70.0     25.68448     14.49597     22.93616
002 UCH      KN       --          8  40  -5    108.4  60  0.033  0.100  1   70.0   78.4   94.1   82.6  -20.7     67.96860     26.38573     13.80629
003 KBK      KN       --          8  40  -5    164.6  51  0.033  0.100  1   70.0   55.4   81.3   73.3  -54.3     35.82550     12.61919      5.64707
004 CHM      KN       --          8  40  -5    179.7  38  0.033  0.100  1   70.0   46.2   86.0   68.6  -59.4     59.13221      7.37698     11.20262
005 USP      KN       --          8  40  -5    193.1  28  0.033  0.100  1   70.0   52.3   91.6   55.7   10.8     16.94769     30.55626     16.15151
006 TKM2     KN       --          8  40  -5    224.7  53  0.033  0.100  1   70.0   53.9   73.0   71.3  -47.3     85.65276     26.95099     11.94112
007 ULHL     KN       --          8  40  -5    243.2  76  0.033  0.100  1   70.0   67.7   71.4   75.3  -26.8     53.74172     16.59124      4.20454
#   sta     net      loc      evdp otsec ts0    dist  az  flo    fhi  used vr_ev  vr_sta  vr_z   vr_r   vr_t        snr_z        snr_r        snr_t
000 ARLS     KR       --         10  39  -4     79.9  80  0.033  0.100  1   69.8   89.3   93.4   87.8   16.0     34.98116      8.48345      6.34608
001 EKS2     KN       --         10  39  -4    107.6  18  0.033  0.100  1   69.8   50.0   70.5   31.9   29.8     25.68448     14.49597     22.93616
002 UCH      KN       --         10  39  -4    108.4  60  0.033  0.100  1   69.8   80.6   95.6   86.7  -24.8     67.96860     26.38573     13.80629
003 KBK      KN       --         10  39  -4    164.6  51  0.033  0.100  1   69.8   64.0   86.7   77.0  -25.8     35.82550     12.61919      5.64707
004 CHM      KN       --         10  39  -4    179.7  38  0.033  0.100  1   69.8   44.4   91.1   73.0  -83.4     59.13221      7.37698     11.20262
005 USP      KN       --         10  39  -4    193.1  28  0.033  0.100  1   69.8   39.1   94.4   58.2  -40.0     16.94769     30.55626     16.15151
006 TKM2     KN       --         10  39  -4    224.7  53  0.033  0.100  1   69.8   60.7   81.7   74.2  -39.1     85.65276     26.95099     11.94112
007 ULHL     KN       --         10  39  -4    243.2  76  0.033  0.100  1   69.8   75.6   78.1   78.5   28.7     53.74172     16.59124      4.20454
#   sta     net      loc      evdp otsec ts0    dist  az  flo    fhi  used vr_ev  vr_sta  vr_z   vr_r   vr_t        snr_z        snr_r        snr_t
000 ARLS     KR       --         10  38  -3     79.9  80  0.033  0.100  1   68.8   86.2   90.9   89.3  -61.2     34.98116      8.48345      6.34608
001 EKS2     KN       --         10  38  -3    107.6  18  0.033  0.100  1   68.8   18.2   54.9   -8.5  -20.7     25.68448     14.49597     22.93616
002 UCH      KN       --         10  38  -3    108.4  60  0.033  0.100  1   68.8   85.9   95.5   90.3   15.7     67.96860     26.38573     13.80629
003 KBK      KN       --         10  38  -3    164.6  51  0.033  0.100  1   68.8   78.1   93.7   83.6   24.3     35.82550     12.61919      5.64707
004 CHM      KN       --         10  38  -3    179.7  38  0.033  0.100  1   68.8   59.6   95.3   79.0  -34.0     59.13221      7.37698     11.20262
005 USP      KN       --         10  38  -3    193.1  28  0.033  0.100  1   68.8   37.4   95.5   59.8  -48.9     16.94769     30.55626     16.15151
006 TKM2     KN       --         10  38  -3    224.7  53  0.033  0.100  1   68.8   76.0   90.7   81.4   14.3     85.65276     26.95099     11.94112
007 ULHL     KN       --         10  38  -3    243.2  76  0.033  0.100  1   68.8   79.3   81.8   79.4   55.6     53.74172     16.59124      4.20454
#   sta     net      loc      evdp otsec ts0    dist  az  flo    fhi  used vr_ev  vr_sta  vr_z   vr_r   vr_t        snr_z        snr_r        snr_t
000 ARLS     KR       --          8  37  -2     79.9  80  0.033  0.100  1   69.1   80.8   87.2   87.9 -154.0     34.98116      8.48345      6.34608
001 EKS2     KN       --          8  37  -2    107.6  18  0.033  0.100  1   69.1    2.1   51.0  -47.1  -43.0     25.68448     14.49597     22.93616
002 UCH      KN       --          8  37  -2    108.4  60  0.033  0.100  1   69.1   89.1   93.8   88.3   70.1     67.96860     26.38573     13.80629
003 KBK      KN       --          8  37  -2    164.6  51  0.033  0.100  1   69.1   86.1   96.5   87.1   56.6     35.82550     12.61919      5.64707
004 CHM      KN       --          8  37  -2    179.7  38  0.033  0.100  1   69.1   79.6   93.1   82.3   52.4     59.13221      7.37698     11.20262
005 USP      KN       --          8  37  -2    193.1  28  0.033  0.100  1   69.1   46.4   91.1   57.5  -11.1     16.94769     30.55626     16.15151
006 TKM2     KN       --          8  37  -2    224.7  53  0.033  0.100  1   69.1   89.5   95.5   88.6   70.6     85.65276     26.95099     11.94112
007 ULHL     KN       --          8  37  -2    243.2  76  0.033  0.100  1   69.1   78.3   84.7   78.0   18.3     53.74172     16.59124      4.20454
#   sta     net      loc      evdp otsec ts0    dist  az  flo    fhi  used vr_ev  vr_sta  vr_z   vr_r   vr_t        snr_z        snr_r        snr_t
000 ARLS     KR       --          6  36  -1     79.9  80  0.033  0.100  1   72.0   79.5   86.6   87.4 -183.1     34.98116      8.48345      6.34608
001 EKS2     KN       --          6  36  -1    107.6  18  0.033  0.100  1   72.0   21.2   62.8  -35.3   -9.8     25.68448     14.49597     22.93616
002 UCH      KN       --          6  36  -1    108.4  60  0.033  0.100  1   72.0   86.5   89.9   83.3   87.6     67.96860     26.38573     13.80629
003 KBK      KN       --          6  36  -1    164.6  51  0.033  0.100  1   72.0   81.3   94.0   87.0   35.0     35.82550     12.61919      5.64707
004 CHM      KN       --          6  36  -1    179.7  38  0.033  0.100  1   72.0   88.1   88.5   83.4   95.7     59.13221      7.37698     11.20262
005 USP      KN       --          6  36  -1    193.1  28  0.033  0.100  1   72.0   58.6   86.5   54.5   38.9     16.94769     30.55626     16.15151
006 TKM2     KN       --          6  36  -1    224.7  53  0.033  0.100  1   72.0   90.5   95.3   89.2   76.8     85.65276     26.95099     11.94112
007 ULHL     KN       --          6  36  -1    243.2  76  0.033  0.100  1   72.0   76.1   88.9   77.3  -56.7     53.74172     16.59124      4.20454
#   sta     net      loc      evdp otsec ts0    dist  az  flo    fhi  used vr_ev  vr_sta  vr_z   vr_r   vr_t        snr_z        snr_r        snr_t
000 ARLS     KR       --          1  35   0     79.9  80  0.033  0.100  1   74.5   82.0   86.0   83.3  -22.2     34.98116      8.48345      6.34608
001 EKS2     KN       --          1  35   0    107.6  18  0.033  0.100  1   74.5   49.8   57.5   15.4   56.1     25.68448     14.49597     22.93616
002 UCH      KN       --          1  35   0    108.4  60  0.033  0.100  1   74.5   81.1   85.6   79.8   66.5     67.96860     26.38573     13.80629
003 KBK      KN       --          1  35   0    164.6  51  0.033  0.100  1   74.5   75.0   91.9   87.9    1.4     35.82550     12.61919      5.64707
004 CHM      KN       --          1  35   0    179.7  38  0.033  0.100  1   74.5   82.3   86.8   83.0   73.5     59.13221      7.37698     11.20262
005 USP      KN       --          1  35   0    193.1  28  0.033  0.100  1   74.5   58.4   78.2   46.9   57.0     16.94769     30.55626     16.15151
006 TKM2     KN       --          1  35   0    224.7  53  0.033  0.100  1   74.5   84.1   93.4   84.0   52.1     85.65276     26.95099     11.94112
007 ULHL     KN       --          1  35   0    243.2  76  0.033  0.100  1   74.5   79.7   92.0   80.1  -43.1     53.74172     16.59124      4.20454
#   sta     net      loc      evdp otsec ts0    dist  az  flo    fhi  used vr_ev  vr_sta  vr_z   vr_r   vr_t        snr_z        snr_r        snr_t
000 ARLS     KR       --          1  34   1     79.9  80  0.033  0.100  1   71.2   77.1   80.7   72.6   58.9     34.98116      8.48345      6.34608
001 EKS2     KN       --          1  34   1    107.6  18  0.033  0.100  1   71.2   52.6   43.5    1.8   91.2     25.68448     14.49597     22.93616
002 UCH      KN       --          1  34   1    108.4  60  0.033  0.100  1   71.2   76.5   80.9   78.4   45.0     67.96860     26.38573     13.80629
003 KBK      KN       --          1  34   1    164.6  51  0.033  0.100  1   71.2   75.0   91.7   91.5   -6.9     35.82550     12.61919      5.64707
004 CHM      KN       --          1  34   1    179.7  38  0.033  0.100  1   71.2   72.1   86.6   85.8   23.8     59.13221      7.37698     11.20262
005 USP      KN       --          1  34   1    193.1  28  0.033  0.100  1   71.2   53.3   76.9   50.2   36.1     16.94769     30.55626     16.15151
006 TKM2     KN       --          1  34   1    224.7  53  0.033  0.100  1   71.2   82.8   94.4   88.3   31.7     85.65276     26.95099     11.94112
007 ULHL     KN       --          1  34   1    243.2  76  0.033  0.100  1   71.2   77.8   84.2   77.1   20.8     53.74172     16.59124      4.20454
#   sta     net      loc      evdp otsec ts0    dist  az  flo    fhi  used vr_ev  vr_sta  vr_z   vr_r   vr_t        snr_z        snr_r        snr_t
000 ARLS     KR       --          7  33   2     79.9  80  0.033  0.100  1   63.3   70.4   77.0   61.9   38.8     34.98116      8.48345      6.34608
001 EKS2     KN       --          7  33   2    107.6  18  0.033  0.100  1   63.3   49.4   55.2    1.6   65.1     25.68448     14.49597     22.93616
002 UCH      KN       --          7  33   2    108.4  60  0.033  0.100  1   63.3   67.4   78.8   70.9   -6.6     67.96860     26.38573     13.80629
003 KBK      KN       --          7  33   2    164.6  51  0.033  0.100  1   63.3   67.1   86.8   87.6  -33.5     35.82550     12.61919      5.64707
004 CHM      KN       --          7  33   2    179.7  38  0.033  0.100  1   63.3   55.5   83.0   84.7  -41.6     59.13221      7.37698     11.20262
005 USP      KN       --          7  33   2    193.1  28  0.033  0.100  1   63.3   42.4   75.7   56.1   -8.6     16.94769     30.55626     16.15151
006 TKM2     KN       --          7  33   2    224.7  53  0.033  0.100  1   63.3   72.9   91.3   87.6  -20.1     85.65276     26.95099     11.94112
007 ULHL     KN       --          7  33   2    243.2  76  0.033  0.100  1   63.3   73.0   80.6   71.0   12.2     53.74172     16.59124      4.20454
#   sta     net      loc      evdp otsec ts0    dist  az  flo    fhi  used vr_ev  vr_sta  vr_z   vr_r   vr_t        snr_z        snr_r        snr_t
000 ARLS     KR       --          8  32   3     79.9  80  0.033  0.100  1   55.8   59.4   70.1   48.1  -24.8     34.98116      8.48345      6.34608
001 EKS2     KN       --          8  32   3    107.6  18  0.033  0.100  1   55.8   30.6   53.0   -4.7   16.1     25.68448     14.49597     22.93616
002 UCH      KN       --          8  32   3    108.4  60  0.033  0.100  1   55.8   62.6   73.3   63.7    4.5     67.96860     26.38573     13.80629
003 KBK      KN       --          8  32   3    164.6  51  0.033  0.100  1   55.8   69.0   83.5   83.1   -3.3     35.82550     12.61919      5.64707
004 CHM      KN       --          8  32   3    179.7  38  0.033  0.100  1   55.8   53.6   80.5   80.1  -38.1     59.13221      7.37698     11.20262
005 USP      KN       --          8  32   3    193.1  28  0.033  0.100  1   55.8   36.0   72.0   55.2  -25.4     16.94769     30.55626     16.15151
006 TKM2     KN       --          8  32   3    224.7  53  0.033  0.100  1   55.8   73.8   88.8   85.8   -2.0     85.65276     26.95099     11.94112
007 ULHL     KN       --          8  32   3    243.2  76  0.033  0.100  1   55.8   68.3   74.0   64.4   40.2     53.74172     16.59124      4.20454
#   sta     net      loc      evdp otsec ts0    dist  az  flo    fhi  used vr_ev  vr_sta  vr_z   vr_r   vr_t        snr_z        snr_r        snr_t
000 ARLS     KR       --          8  31   4     79.9  80  0.033  0.100  1   48.0   47.6   59.7   37.8  -90.4     34.98116      8.48345      6.34608
001 EKS2     KN       --          8  31   4    107.6  18  0.033  0.100  1   48.0   15.1   52.0  -22.5  -19.1     25.68448     14.49597     22.93616
002 UCH      KN       --          8  31   4    108.4  60  0.033  0.100  1   48.0   56.0   63.3   53.3   35.2     67.96860     26.38573     13.80629
003 KBK      KN       --          8  31   4    164.6  51  0.033  0.100  1   48.0   67.1   73.4   73.2   35.5     35.82550     12.61919      5.64707
004 CHM      KN       --          8  31   4    179.7  38  0.033  0.100  1   48.0   55.0   70.0   69.6    4.4     59.13221      7.37698     11.20262
005 USP      KN       --          8  31   4    193.1  28  0.033  0.100  1   48.0   34.5   63.4   49.4  -14.4     16.94769     30.55626     16.15151
006 TKM2     KN       --          8  31   4    224.7  53  0.033  0.100  1   48.0   73.3   81.2   79.4   33.9     85.65276     26.95099     11.94112
007 ULHL     KN       --          8  31   4    243.2  76  0.033  0.100  1   48.0   58.8   64.2   54.5   36.1     53.74172     16.59124      4.20454
#   sta     net      loc      evdp otsec ts0    dist  az  flo    fhi  used vr_ev  vr_sta  vr_z   vr_r   vr_t        snr_z        snr_r        snr_t
000 ARLS     KR       --          8  30   5     79.9  80  0.033  0.100  1   40.3   38.4   47.1   34.2 -102.5     34.98116      8.48345      6.34608
001 EKS2     KN       --          8  30   5    107.6  18  0.033  0.100  1   40.3   13.9   51.5  -33.1  -16.6     25.68448     14.49597     22.93616
002 UCH      KN       --          8  30   5    108.4  60  0.033  0.100  1   40.3   44.9   48.4   41.0   49.7     67.96860     26.38573     13.80629
003 KBK      KN       --          8  30   5    164.6  51  0.033  0.100  1   40.3   57.6   58.0   60.2   50.0     35.82550     12.61919      5.64707
004 CHM      KN       --          8  30   5    179.7  38  0.033  0.100  1   40.3   50.7   53.2   54.9   39.1     59.13221      7.37698     11.20262
005 USP      KN       --          8  30   5    193.1  28  0.033  0.100  1   40.3   32.5   49.9   37.9    7.9     16.94769     30.55626     16.15151
006 TKM2     KN       --          8  30   5    224.7  53  0.033  0.100  1   40.3   64.3   67.2   66.6   49.5     85.65276     26.95099     11.94112
007 ULHL     KN       --          8  30   5    243.2  76  0.033  0.100  1   40.3   47.0   53.4   43.4    7.4     53.74172     16.59124      4.20454
#   sta     net      loc      evdp otsec ts0    dist  az  flo    fhi  used vr_ev  vr_sta  vr_z   vr_r   vr_t        snr_z        snr_r        snr_t
000 ARLS     KR       --          7  29   6     79.9  80  0.033  0.100  1   33.1   32.7   35.4   35.1  -66.4     34.98116      8.48345      6.34608
001 EKS2     KN       --          7  29   6    107.6  18  0.033  0.100  1   33.1   20.7   45.3  -28.0    9.1     25.68448     14.49597     22.93616
002 UCH      KN       --          7  29   6    108.4  60  0.033  0.100  1   33.1   32.5   33.7   30.7   37.1     67.96860     26.38573     13.80629
003 KBK      KN       --          7  29   6    164.6  51  0.033  0.100  1   33.1   44.3   43.2   47.8   38.6     35.82550     12.61919      5.64707
004 CHM      KN       --          7  29   6    179.7  38  0.033  0.100  1   33.1   39.4   37.6   40.1   41.2     59.13221      7.37698     11.20262
005 USP      KN       --          7  29   6    193.1  28  0.033  0.100  1   33.1   25.7   35.7   23.4   19.4     16.94769     30.55626     16.15151
006 TKM2     KN       --          7  29   6    224.7  53  0.033  0.100  1   33.1   49.1   51.6   51.6   35.5     85.65276     26.95099     11.94112
007 ULHL     KN       --          7  29   6    243.2  76  0.033  0.100  1   33.1   37.9   44.9   35.5  -16.3     53.74172     16.59124      4.20454
#   sta     net      loc      evdp otsec ts0    dist  az  flo    fhi  used vr_ev  vr_sta  vr_z   vr_r   vr_t        snr_z        snr_r        snr_t
000 ARLS     KR       --          2  28   7     79.9  80  0.033  0.100  1   28.1   29.4   29.1   30.0   27.5     34.98116      8.48345      6.34608
001 EKS2     KN       --          2  28   7    107.6  18  0.033  0.100  1   28.1   18.7   18.0  -12.3   35.0     25.68448     14.49597     22.93616
002 UCH      KN       --          2  28   7    108.4  60  0.033  0.100  1   28.1   27.3   27.3   26.5   32.1     67.96860     26.38573     13.80629
003 KBK      KN       --          2  28   7    164.6  51  0.033  0.100  1   28.1   37.7   38.9   42.2   23.5     35.82550     12.61919      5.64707
004 CHM      KN       --          2  28   7    179.7  38  0.033  0.100  1   28.1   30.1   31.7   32.8   22.6     59.13221      7.37698     11.20262
005 USP      KN       --          2  28   7    193.1  28  0.033  0.100  1   28.1   14.7   24.5    8.0   14.9     16.94769     30.55626     16.15151
006 TKM2     KN       --          2  28   7    224.7  53  0.033  0.100  1   28.1   40.9   43.9   42.8   26.3     85.65276     26.95099     11.94112
007 ULHL     KN       --          2  28   7    243.2  76  0.033  0.100  1   28.1   37.8   42.0   35.4   10.7     53.74172     16.59124      4.20454
#   sta     net      loc      evdp otsec ts0    dist  az  flo    fhi  used vr_ev  vr_sta  vr_z   vr_r   vr_t        snr_z        snr_r        snr_t
000 ARLS     KR       --          2  27   8     79.9  80  0.033  0.100  1   25.2   24.2   28.4   19.3   -3.7     34.98116      8.48345      6.34608
001 EKS2     KN       --          2  27   8    107.6  18  0.033  0.100  1   25.2   11.5   10.0  -22.9   30.4     25.68448     14.49597     22.93616
002 UCH      KN       --          2  27   8    108.4  60  0.033  0.100  1   25.2   27.8   27.8   27.9   27.7     67.96860     26.38573     13.80629
003 KBK      KN       --          2  27   8    164.6  51  0.033  0.100  1   25.2   37.0   40.3   42.1   15.5     35.82550     12.61919      5.64707
004 CHM      KN       --          2  27   8    179.7  38  0.033  0.100  1   25.2   29.6   34.6   38.2    6.5     59.13221      7.37698     11.20262
005 USP      KN       --          2  27   8    193.1  28  0.033  0.100  1   25.2    9.9   25.1    5.5    1.7     16.94769     30.55626     16.15151
006 TKM2     KN       --          2  27   8    224.7  53  0.033  0.100  1   25.2   41.6   45.5   45.5   20.2     85.65276     26.95099     11.94112
007 ULHL     KN       --          2  27   8    243.2  76  0.033  0.100  1   25.2   35.1   38.6   34.4    4.3     53.74172     16.59124      4.20454
#   sta     net      loc      evdp otsec ts0    dist  az  flo    fhi  used vr_ev  vr_sta  vr_z   vr_r   vr_t        snr_z        snr_r        snr_t
000 ARLS     KR       --          1  35   0     79.9  80  0.033  0.100  1   74.5   82.0   86.0   83.3  -22.2     34.98116      8.48345      6.34608
001 EKS2     KN       --          1  35   0    107.6  18  0.033  0.100  1   74.5   49.8   57.5   15.4   56.1     25.68448     14.49597     22.93616
002 UCH      KN       --          1  35   0    108.4  60  0.033  0.100  1   74.5   81.1   85.6   79.8   66.5     67.96860     26.38573     13.80629
003 KBK      KN       --          1  35   0    164.6  51  0.033  0.100  1   74.5   75.0   91.9   87.9    1.4     35.82550     12.61919      5.64707
004 CHM      KN       --          1  35   0    179.7  38  0.033  0.100  1   74.5   82.3   86.8   83.0   73.5     59.13221      7.37698     11.20262
005 USP      KN       --          1  35   0    193.1  28  0.033  0.100  1   74.5   58.4   78.2   46.9   57.0     16.94769     30.55626     16.15151
006 TKM2     KN       --          1  35   0    224.7  53  0.033  0.100  1   74.5   84.1   93.4   84.0   52.1     85.65276     26.95099     11.94112
007 ULHL     KN       --          1  35   0    243.2  76  0.033  0.100  1   74.5   79.7   92.0   80.1  -43.1     53.74172     16.59124      4.20454
