56.5327     30.8094     10001     
56.5327     30.8094     10002     
71.2364     36.4605     10003     
120.327     33.5895     10004     
94.768      32.8293     10005     
30.5084     36.0641     10006     
94.8796     32.9064     10007     
70.8437     36.6053     10009     
30.734      42.2346     10010     
50.042      31.056      10011     
69.7414     36.1575     10012     
73.6313     34.9492     10014     
72.2528     37.4112     10015     
50.042      31.056      10016     
88.1648     49.9569     10018     
93.7655     46.0981     10019     
112.365     56.5133     10020     
31.5604     -1.0302     10021     
51.2919     29.3061     10022     
51.629      28.4463     10023     
