    CGM3       NM       00      HHZ  0.075  0.150    89.6  61 241    6.20    8.20  -3.39504  -4.37823     9.62035
    CGM3       NM       00      HHN  0.075  0.150    89.6  61 241    5.80    8.60  -3.52887  -4.41711     7.73107
    CGM3       NM       00      HHE  0.075  0.150    89.6  61 241    6.20    8.40  -3.73893  -4.77091    10.76412
    PENM       NM       00      HHZ  0.075  0.150    96.1 122 302    6.40    8.60  -3.98372  -5.00256    10.44343
    PENM       NM       00      HHN  0.075  0.150    96.1 122 302    5.60    7.40  -4.00326  -4.61163     4.05856
    PENM       NM       00      HHE  0.075  0.150    96.1 122 302    6.20    8.00  -3.13668  -4.35502    16.53249
    HENM       NM       00      HHZ  0.075  0.150    97.6 102 283    8.40    8.80  -3.75267  -4.63244     7.58172
    HENM       NM       00      HHN  0.075  0.150    97.6 102 283    6.60    8.80  -3.70454  -5.02415    20.87417
    HENM       NM       00      HHE  0.075  0.150    97.6 102 283    6.20    8.20  -3.25428  -4.46678    16.31174
    GNAR       NM       00      HHZ  0.075  0.150   114.8 156 336    8.20    8.40  -3.55796  -4.50753     8.90368
    GNAR       NM       00      HHN  0.075  0.150   114.8 156 336    5.40    8.40  -3.41747  -4.51835    12.61484
    GNAR       NM       00      HHE  0.075  0.150   114.8 156 336    6.20    7.80  -4.06075  -4.42098     2.29210
     CCM       IU       00      BHZ  0.075  0.150   141.8 334 154    6.16    8.12  -3.63659  -5.06095    26.56819
     CCM       IU       00      BH1  0.075  0.150   141.8 334 154    9.80    8.68  -3.66194  -4.78268    13.20490
     CCM       IU       00      BH2  0.075  0.150   141.8 334 154    7.28    8.40  -4.07874  -5.01491     8.63321
     CCM       IU       10      BHZ  0.075  0.150   141.8 334 154    6.16    8.12  -3.63053  -5.05485    26.56549
     CCM       IU       10      BH1  0.075  0.150   141.8 334 154    9.80    8.68  -3.65955  -4.77911    13.16916
     CCM       IU       10      BH2  0.075  0.150   141.8 334 154    7.28    7.84  -4.07366  -5.00918     8.62038
    SIUC       NM       00      HHZ  0.075  0.150   147.5  52 233    4.20    8.96  -3.42471  -4.55662    13.54893
    SIUC       NM       00      HHN  0.075  0.150   147.5  52 233    6.16    9.52  -3.65331  -4.49796     6.99276
    SIUC       NM       00      HHE  0.075  0.150   147.5  52 233   10.92    8.40  -3.52659  -4.61871    12.36278
     SLM       NM       00      BHZ  0.075  0.150   193.9   8 188    5.12    8.64  -3.65793  -4.72998    11.80440
     SLM       NM       00      BHN  0.075  0.150   193.9   8 188    6.08    8.64  -3.75895  -5.14330    24.23034
     SLM       NM       00      BHE  0.075  0.150   193.9   8 188    7.04    8.64  -3.50969  -4.66992    14.46215
