#   sta     net      loc      evdp otsec ts0    dist  az  flo    fhi  used vr_ev  vr_sta  vr_z   vr_r   vr_t        snr_z        snr_r        snr_t
000 CGM3     NM       00          6  12  -8     89.6  61  0.075  0.150  1   18.8   28.2   32.5   27.7   11.0      9.74762      7.72792     10.77328
001 PENM     NM       00          6  12  -8     96.1 122  0.075  0.150  1   18.8   22.1  -22.0   -6.1   23.7     10.42765      4.10101     16.56382
002 HENM     NM       00          6  12  -8     97.6 102  0.075  0.150  1   18.8   16.7   25.3   -5.5   18.8      7.64624     20.89887     16.32085
003 GNAR     NM       00          6  12  -8    114.8 156  0.075  0.150  1   18.8   17.6   28.6   11.1   49.8      8.87019     12.63365      2.28497
004 CCM      IU       00          6  12  -8    141.8 334  0.075  0.150  1   18.8    7.1   16.1    1.7  -23.5     26.56214     13.21701      8.63307
005 CCM      IU       10          6  12  -8    141.8 334  0.075  0.150  1   18.8    7.5   16.4    2.2  -22.3     26.53451     13.18238      8.62218
006 SIUC     NM       00          6  12  -8    147.5  52  0.075  0.150  1   18.8   19.4   29.3   17.1    2.4     12.97347      6.98677     12.09182
007 SLM      NM       00          6  12  -8    193.9   8  0.075  0.150  1   18.8    5.9   20.0    2.4   -0.2     11.77476     24.41644     14.47282
#   sta     net      loc      evdp otsec ts0    dist  az  flo    fhi  used vr_ev  vr_sta  vr_z   vr_r   vr_t        snr_z        snr_r        snr_t
000 CGM3     NM       00          1  11  -7     89.6  61  0.075  0.150  1   11.3   25.9   38.9   18.9  -12.0      9.74762      7.72792     10.77328
001 PENM     NM       00          1  11  -7     96.1 122  0.075  0.150  1   11.3    9.8  -88.9   16.5   12.0     10.42765      4.10101     16.56382
002 HENM     NM       00          1  11  -7     97.6 102  0.075  0.150  1   11.3   13.0   29.8   10.9   11.2      7.64624     20.89887     16.32085
003 GNAR     NM       00          1  11  -7    114.8 156  0.075  0.150  1   11.3    9.0   20.7    3.5   12.9      8.87019     12.63365      2.28497
004 CCM      IU       00          1  11  -7    141.8 334  0.075  0.150  1   11.3  -18.5  -11.2  -15.6  -93.4     26.56214     13.21701      8.63307
005 CCM      IU       10          1  11  -7    141.8 334  0.075  0.150  1   11.3  -18.0  -10.6  -15.2  -91.2     26.53451     13.18238      8.62218
006 SIUC     NM       00          1  11  -7    147.5  52  0.075  0.150  1   11.3   20.2   28.6   21.5    2.9     12.97347      6.98677     12.09182
007 SLM      NM       00          1  11  -7    193.9   8  0.075  0.150  1   11.3    6.9    8.5   -6.3   10.5     11.77476     24.41644     14.47282
#   sta     net      loc      evdp otsec ts0    dist  az  flo    fhi  used vr_ev  vr_sta  vr_z   vr_r   vr_t        snr_z        snr_r        snr_t
000 CGM3     NM       00         18  10  -6     89.6  61  0.075  0.150  1   25.2   54.5   57.8   58.2   30.5      9.74762      7.72792     10.77328
001 PENM     NM       00         18  10  -6     96.1 122  0.075  0.150  1   25.2   12.5   -1.5  -43.3   13.9     10.42765      4.10101     16.56382
002 HENM     NM       00         18  10  -6     97.6 102  0.075  0.150  1   25.2   13.0   37.8   45.6    5.5      7.64624     20.89887     16.32085
003 GNAR     NM       00         18  10  -6    114.8 156  0.075  0.150  1   25.2   23.6   28.8   22.9  -12.0      8.87019     12.63365      2.28497
004 CCM      IU       00         18  10  -6    141.8 334  0.075  0.150  1   25.2   38.1   29.5   47.8   35.7     26.56214     13.21701      8.63307
005 CCM      IU       10         18  10  -6    141.8 334  0.075  0.150  1   25.2   37.6   28.8   47.5   35.2     26.53451     13.18238      8.62218
006 SIUC     NM       00         18  10  -6    147.5  52  0.075  0.150  1   25.2   26.3   28.8   47.8    3.7     12.97347      6.98677     12.09182
007 SLM      NM       00         18  10  -6    193.9   8  0.075  0.150  1   25.2   34.2   23.6   31.7   40.5     11.77476     24.41644     14.47282
#   sta     net      loc      evdp otsec ts0    dist  az  flo    fhi  used vr_ev  vr_sta  vr_z   vr_r   vr_t        snr_z        snr_r        snr_t
000 CGM3     NM       00         17   9  -5     89.6  61  0.075  0.150  1   59.0   70.8   68.7   73.2   73.6      9.74762      7.72792     10.77328
001 PENM     NM       00         17   9  -5     96.1 122  0.075  0.150  1   59.0   61.6   68.8  -24.7   63.1     10.42765      4.10101     16.56382
002 HENM     NM       00         17   9  -5     97.6 102  0.075  0.150  1   59.0   52.4   58.8   59.4   50.6      7.64624     20.89887     16.32085
003 GNAR     NM       00         17   9  -5    114.8 156  0.075  0.150  1   59.0   65.1   73.2   64.5   -1.8      8.87019     12.63365      2.28497
004 CCM      IU       00         17   9  -5    141.8 334  0.075  0.150  1   59.0   68.0   71.3   72.3   14.4     26.56214     13.21701      8.63307
005 CCM      IU       10         17   9  -5    141.8 334  0.075  0.150  1   59.0   68.1   70.9   72.7   16.7     26.53451     13.18238      8.62218
006 SIUC     NM       00         17   9  -5    147.5  52  0.075  0.150  1   59.0   39.8   40.8   51.6   27.8     12.97347      6.98677     12.09182
007 SLM      NM       00         17   9  -5    193.9   8  0.075  0.150  1   59.0   50.4   47.9   52.2   51.2     11.77476     24.41644     14.47282
#   sta     net      loc      evdp otsec ts0    dist  az  flo    fhi  used vr_ev  vr_sta  vr_z   vr_r   vr_t        snr_z        snr_r        snr_t
000 CGM3     NM       00         10   8  -4     89.6  61  0.075  0.150  1   57.7   66.1   71.1   63.0   52.8      9.74762      7.72792     10.77328
001 PENM     NM       00         10   8  -4     96.1 122  0.075  0.150  1   57.7   66.1   -7.7   22.1   68.7     10.42765      4.10101     16.56382
002 HENM     NM       00         10   8  -4     97.6 102  0.075  0.150  1   57.7   58.2   64.0   45.3   59.3      7.64624     20.89887     16.32085
003 GNAR     NM       00         10   8  -4    114.8 156  0.075  0.150  1   57.7   55.2   59.7   53.7   43.6      8.87019     12.63365      2.28497
004 CCM      IU       00         10   8  -4    141.8 334  0.075  0.150  1   57.7   40.7   53.5   38.2  -36.0     26.56214     13.21701      8.63307
005 CCM      IU       10         10   8  -4    141.8 334  0.075  0.150  1   57.7   41.9   54.3   39.3  -31.5     26.53451     13.18238      8.62218
006 SIUC     NM       00         10   8  -4    147.5  52  0.075  0.150  1   57.7   48.3   59.9   35.8   36.6     12.97347      6.98677     12.09182
007 SLM      NM       00         10   8  -4    193.9   8  0.075  0.150  1   57.7   43.4   56.7   44.1   36.4     11.77476     24.41644     14.47282
#   sta     net      loc      evdp otsec ts0    dist  az  flo    fhi  used vr_ev  vr_sta  vr_z   vr_r   vr_t        snr_z        snr_r        snr_t
000 CGM3     NM       00          1   7  -3     89.6  61  0.075  0.150  1   28.0   60.3   81.3   54.8  -17.0      9.74762      7.72792     10.77328
001 PENM     NM       00          1   7  -3     96.1 122  0.075  0.150  1   28.0   26.7 -142.2  -11.5   31.4     10.42765      4.10101     16.56382
002 HENM     NM       00          1   7  -3     97.6 102  0.075  0.150  1   28.0   32.7   50.7   27.0   31.3      7.64624     20.89887     16.32085
003 GNAR     NM       00          1   7  -3    114.8 156  0.075  0.150  1   28.0   25.4   41.3   19.2    1.2      8.87019     12.63365      2.28497
004 CCM      IU       00          1   7  -3    141.8 334  0.075  0.150  1   28.0  -45.5  -37.1  -30.0 -213.4     26.56214     13.21701      8.63307
005 CCM      IU       10          1   7  -3    141.8 334  0.075  0.150  1   28.0  -44.1  -35.6  -29.2 -207.2     26.53451     13.18238      8.62218
006 SIUC     NM       00          1   7  -3    147.5  52  0.075  0.150  1   28.0   39.4   63.1    9.6   18.9     12.97347      6.98677     12.09182
007 SLM      NM       00          1   7  -3    193.9   8  0.075  0.150  1   28.0   27.5   18.9   -2.1   41.6     11.77476     24.41644     14.47282
#   sta     net      loc      evdp otsec ts0    dist  az  flo    fhi  used vr_ev  vr_sta  vr_z   vr_r   vr_t        snr_z        snr_r        snr_t
000 CGM3     NM       00         17   6  -2     89.6  61  0.075  0.150  1   20.6   67.4   83.3   61.7   13.0      9.74762      7.72792     10.77328
001 PENM     NM       00         17   6  -2     96.1 122  0.075  0.150  1   20.6   -0.1 -138.4   -2.9    3.2     10.42765      4.10101     16.56382
002 HENM     NM       00         17   6  -2     97.6 102  0.075  0.150  1   20.6   14.8   79.5   46.8    2.6      7.64624     20.89887     16.32085
003 GNAR     NM       00         17   6  -2    114.8 156  0.075  0.150  1   20.6    6.0    0.5    8.4    6.7      8.87019     12.63365      2.28497
004 CCM      IU       00         17   6  -2    141.8 334  0.075  0.150  1   20.6    9.2    5.8   18.8  -31.8     26.56214     13.21701      8.63307
005 CCM      IU       10         17   6  -2    141.8 334  0.075  0.150  1   20.6    8.9    5.6   18.5  -31.1     26.53451     13.18238      8.62218
006 SIUC     NM       00         17   6  -2    147.5  52  0.075  0.150  1   20.6   40.3   54.8   57.2   -1.5     12.97347      6.98677     12.09182
007 SLM      NM       00         17   6  -2    193.9   8  0.075  0.150  1   20.6   28.1   10.6   12.9   42.1     11.77476     24.41644     14.47282
#   sta     net      loc      evdp otsec ts0    dist  az  flo    fhi  used vr_ev  vr_sta  vr_z   vr_r   vr_t        snr_z        snr_r        snr_t
000 CGM3     NM       00         17   5  -1     89.6  61  0.075  0.150  1   68.7   91.7   97.6   87.6   77.0      9.74762      7.72792     10.77328
001 PENM     NM       00         17   5  -1     96.1 122  0.075  0.150  1   68.7   64.3   43.0   17.0   65.7     10.42765      4.10101     16.56382
002 HENM     NM       00         17   5  -1     97.6 102  0.075  0.150  1   68.7   67.6   89.3   70.4   64.6      7.64624     20.89887     16.32085
003 GNAR     NM       00         17   5  -1    114.8 156  0.075  0.150  1   68.7   62.3   84.0   55.3   -0.1      8.87019     12.63365      2.28497
004 CCM      IU       00         17   5  -1    141.8 334  0.075  0.150  1   68.7   79.8   77.9   81.2   83.5     26.56214     13.21701      8.63307
005 CCM      IU       10         17   5  -1    141.8 334  0.075  0.150  1   68.7   79.0   76.9   80.6   83.3     26.53451     13.18238      8.62218
006 SIUC     NM       00         17   5  -1    147.5  52  0.075  0.150  1   68.7   53.2   57.5   51.0   46.9     12.97347      6.98677     12.09182
007 SLM      NM       00         17   5  -1    193.9   8  0.075  0.150  1   68.7   63.6   46.3   51.6   76.5     11.77476     24.41644     14.47282
#   sta     net      loc      evdp otsec ts0    dist  az  flo    fhi  used vr_ev  vr_sta  vr_z   vr_r   vr_t        snr_z        snr_r        snr_t
000 CGM3     NM       00         14   4   0     89.6  61  0.075  0.150  1   86.5   86.5   86.9   85.4   87.3      9.74762      7.72792     10.77328
001 PENM     NM       00         14   4   0     96.1 122  0.075  0.150  1   86.5   94.0   65.6   68.8   95.2     10.42765      4.10101     16.56382
002 HENM     NM       00         14   4   0     97.6 102  0.075  0.150  1   86.5   91.4   90.9   82.8   92.6      7.64624     20.89887     16.32085
003 GNAR     NM       00         14   4   0    114.8 156  0.075  0.150  1   86.5   81.0   81.3   83.8   21.2      8.87019     12.63365      2.28497
004 CCM      IU       00         14   4   0    141.8 334  0.075  0.150  1   86.5   81.1   84.5   88.4    5.3     26.56214     13.21701      8.63307
005 CCM      IU       10         14   4   0    141.8 334  0.075  0.150  1   86.5   82.0   85.3   89.1   10.6     26.53451     13.18238      8.62218
006 SIUC     NM       00         14   4   0    147.5  52  0.075  0.150  1   86.5   69.3   72.0   43.1   85.9     12.97347      6.98677     12.09182
007 SLM      NM       00         14   4   0    193.9   8  0.075  0.150  1   86.5   88.5   84.8   85.9   91.3     11.77476     24.41644     14.47282
#   sta     net      loc      evdp otsec ts0    dist  az  flo    fhi  used vr_ev  vr_sta  vr_z   vr_r   vr_t        snr_z        snr_r        snr_t
000 CGM3     NM       00         10   3   1     89.6  61  0.075  0.150  1   47.4   69.3   78.9   71.3   22.0      9.74762      7.72792     10.77328
001 PENM     NM       00         10   3   1     96.1 122  0.075  0.150  1   47.4   40.7 -114.7   42.1   44.3     10.42765      4.10101     16.56382
002 HENM     NM       00         10   3   1     97.6 102  0.075  0.150  1   47.4   48.0   85.6   72.1   40.2      7.64624     20.89887     16.32085
003 GNAR     NM       00         10   3   1    114.8 156  0.075  0.150  1   47.4   42.1   15.5   55.7   13.9      8.87019     12.63365      2.28497
004 CCM      IU       00         10   3   1    141.8 334  0.075  0.150  1   47.4    2.1    0.5   16.9  -88.0     26.56214     13.21701      8.63307
005 CCM      IU       10         10   3   1    141.8 334  0.075  0.150  1   47.4    4.3    2.8   18.5  -80.6     26.53451     13.18238      8.62218
006 SIUC     NM       00         10   3   1    147.5  52  0.075  0.150  1   47.4   65.6   78.7   24.7   74.4     12.97347      6.98677     12.09182
007 SLM      NM       00         10   3   1    193.9   8  0.075  0.150  1   47.4   62.3   67.9   63.1   59.2     11.77476     24.41644     14.47282
#   sta     net      loc      evdp otsec ts0    dist  az  flo    fhi  used vr_ev  vr_sta  vr_z   vr_r   vr_t        snr_z        snr_r        snr_t
000 CGM3     NM       00          1   2   2     89.6  61  0.075  0.150  1   16.7   54.3   64.0   63.9  -13.5      9.74762      7.72792     10.77328
001 PENM     NM       00          1   2   2     96.1 122  0.075  0.150  1   16.7    7.6 -167.1  -50.0   12.8     10.42765      4.10101     16.56382
002 HENM     NM       00          1   2   2     97.6 102  0.075  0.150  1   16.7   22.5   71.0   66.9   10.6      7.64624     20.89887     16.32085
003 GNAR     NM       00          1   2   2    114.8 156  0.075  0.150  1   16.7    6.1   -0.8    9.2    9.8      8.87019     12.63365      2.28497
004 CCM      IU       00          1   2   2    141.8 334  0.075  0.150  1   16.7  -40.0  -38.7  -21.7 -175.0     26.56214     13.21701      8.63307
005 CCM      IU       10          1   2   2    141.8 334  0.075  0.150  1   16.7  -39.0  -37.5  -21.1 -171.3     26.53451     13.18238      8.62218
006 SIUC     NM       00          1   2   2    147.5  52  0.075  0.150  1   16.7   36.4   63.9    4.8   10.2     12.97347      6.98677     12.09182
007 SLM      NM       00          1   2   2    193.9   8  0.075  0.150  1   16.7   11.7    2.3    3.9   19.1     11.77476     24.41644     14.47282
#   sta     net      loc      evdp otsec ts0    dist  az  flo    fhi  used vr_ev  vr_sta  vr_z   vr_r   vr_t        snr_z        snr_r        snr_t
000 CGM3     NM       00         17   1   3     89.6  61  0.075  0.150  1   39.3   75.0   78.3   84.8   34.5      9.74762      7.72792     10.77328
001 PENM     NM       00         17   1   3     96.1 122  0.075  0.150  1   39.3   27.3  -80.1  -11.8   30.5     10.42765      4.10101     16.56382
002 HENM     NM       00         17   1   3     97.6 102  0.075  0.150  1   39.3   47.2   81.1   66.6   40.5      7.64624     20.89887     16.32085
003 GNAR     NM       00         17   1   3    114.8 156  0.075  0.150  1   39.3   25.1   40.7   18.8    4.0      8.87019     12.63365      2.28497
004 CCM      IU       00         17   1   3    141.8 334  0.075  0.150  1   39.3   29.2   32.0   25.7   32.6     26.56214     13.21701      8.63307
005 CCM      IU       10         17   1   3    141.8 334  0.075  0.150  1   39.3   28.6   31.4   25.0   31.7     26.53451     13.18238      8.62218
006 SIUC     NM       00         17   1   3    147.5  52  0.075  0.150  1   39.3   37.3   56.0   14.6   20.5     12.97347      6.98677     12.09182
007 SLM      NM       00         17   1   3    193.9   8  0.075  0.150  1   39.3   27.8   12.0   15.8   40.0     11.77476     24.41644     14.47282
#   sta     net      loc      evdp otsec ts0    dist  az  flo    fhi  used vr_ev  vr_sta  vr_z   vr_r   vr_t        snr_z        snr_r        snr_t
000 CGM3     NM       00         15   0   4     89.6  61  0.075  0.150  1   65.0   70.4   64.5   82.5   64.0      9.74762      7.72792     10.77328
001 PENM     NM       00         15   0   4     96.1 122  0.075  0.150  1   65.0   65.6   74.2   67.1   65.4     10.42765      4.10101     16.56382
002 HENM     NM       00         15   0   4     97.6 102  0.075  0.150  1   65.0   74.0   69.5   69.0   75.2      7.64624     20.89887     16.32085
003 GNAR     NM       00         15   0   4    114.8 156  0.075  0.150  1   65.0   56.3   69.1   52.4   13.0      8.87019     12.63365      2.28497
004 CCM      IU       00         15   0   4    141.8 334  0.075  0.150  1   65.0   65.4   69.0   62.6   57.6     26.56214     13.21701      8.63307
005 CCM      IU       10         15   0   4    141.8 334  0.075  0.150  1   65.0   65.3   69.0   62.2   59.0     26.53451     13.18238      8.62218
006 SIUC     NM       00         15   0   4    147.5  52  0.075  0.150  1   65.0   48.0   51.8    5.9   75.6     12.97347      6.98677     12.09182
007 SLM      NM       00         15   0   4    193.9   8  0.075  0.150  1   65.0   69.4   58.2   64.4   76.7     11.77476     24.41644     14.47282
#   sta     net      loc      evdp otsec ts0    dist  az  flo    fhi  used vr_ev  vr_sta  vr_z   vr_r   vr_t        snr_z        snr_r        snr_t
000 CGM3     NM       00         15  59   5     89.6  61  0.075  0.150  1   45.9   55.3   52.2   66.4   39.2      9.74762      7.72792     10.77328
001 PENM     NM       00         15  59   5     96.1 122  0.075  0.150  1   45.9   40.7   17.5   66.8   40.8     10.42765      4.10101     16.56382
002 HENM     NM       00         15  59   5     97.6 102  0.075  0.150  1   45.9   47.6   66.9   72.0   42.0      7.64624     20.89887     16.32085
003 GNAR     NM       00         15  59   5    114.8 156  0.075  0.150  1   45.9   41.0   15.3   54.5    9.3      8.87019     12.63365      2.28497
004 CCM      IU       00         15  59   5    141.8 334  0.075  0.150  1   45.9   26.2   20.6   45.5  -63.9     26.56214     13.21701      8.63307
005 CCM      IU       10         15  59   5    141.8 334  0.075  0.150  1   45.9   27.5   22.1   46.1  -58.1     26.53451     13.18238      8.62218
006 SIUC     NM       00         15  59   5    147.5  52  0.075  0.150  1   45.9   48.5   58.9   -5.0   72.9     12.97347      6.98677     12.09182
007 SLM      NM       00         15  59   5    193.9   8  0.075  0.150  1   45.9   73.0   69.7   79.8   72.4     11.77476     24.41644     14.47282
#   sta     net      loc      evdp otsec ts0    dist  az  flo    fhi  used vr_ev  vr_sta  vr_z   vr_r   vr_t        snr_z        snr_r        snr_t
000 CGM3     NM       00         20  58   6     89.6  61  0.075  0.150  1   15.6   42.3   48.1   46.5    5.6      9.74762      7.72792     10.77328
001 PENM     NM       00         20  58   6     96.1 122  0.075  0.150  1   15.6    2.5  -68.7  -13.9    4.5     10.42765      4.10101     16.56382
002 HENM     NM       00         20  58   6     97.6 102  0.075  0.150  1   15.6   16.5   66.8   66.7    3.7      7.64624     20.89887     16.32085
003 GNAR     NM       00         20  58   6    114.8 156  0.075  0.150  1   15.6   11.6  -13.3   23.6    2.5      8.87019     12.63365      2.28497
004 CCM      IU       00         20  58   6    141.8 334  0.075  0.150  1   15.6  -13.8  -18.8   13.5 -163.0     26.56214     13.21701      8.63307
005 CCM      IU       10         20  58   6    141.8 334  0.075  0.150  1   15.6  -12.8  -17.6   14.0 -157.7     26.53451     13.18238      8.62218
006 SIUC     NM       00         20  58   6    147.5  52  0.075  0.150  1   15.6   28.4   58.1  -13.7    6.4     12.97347      6.98677     12.09182
007 SLM      NM       00         20  58   6    193.9   8  0.075  0.150  1   15.6   31.1   24.0   34.2   33.7     11.77476     24.41644     14.47282
#   sta     net      loc      evdp otsec ts0    dist  az  flo    fhi  used vr_ev  vr_sta  vr_z   vr_r   vr_t        snr_z        snr_r        snr_t
000 CGM3     NM       00         22  57   7     89.6  61  0.075  0.150  1   13.1   40.0   44.7   46.0    2.7      9.74762      7.72792     10.77328
001 PENM     NM       00         22  57   7     96.1 122  0.075  0.150  1   13.1    1.2 -101.5  -60.6    4.8     10.42765      4.10101     16.56382
002 HENM     NM       00         22  57   7     97.6 102  0.075  0.150  1   13.1   22.2   61.0   62.6   12.2      7.64624     20.89887     16.32085
003 GNAR     NM       00         22  57   7    114.8 156  0.075  0.150  1   13.1    0.8   -7.8    4.8    0.7      8.87019     12.63365      2.28497
004 CCM      IU       00         22  57   7    141.8 334  0.075  0.150  1   13.1   -5.6   -8.2    3.5  -49.0     26.56214     13.21701      8.63307
005 CCM      IU       10         22  57   7    141.8 334  0.075  0.150  1   13.1   -5.5   -7.9    3.6  -48.3     26.53451     13.18238      8.62218
006 SIUC     NM       00         22  57   7    147.5  52  0.075  0.150  1   13.1   21.7   45.0  -20.0   11.4     12.97347      6.98677     12.09182
007 SLM      NM       00         22  57   7    193.9   8  0.075  0.150  1   13.1    6.7    2.0    6.0    9.3     11.77476     24.41644     14.47282
#   sta     net      loc      evdp otsec ts0    dist  az  flo    fhi  used vr_ev  vr_sta  vr_z   vr_r   vr_t        snr_z        snr_r        snr_t
000 CGM3     NM       00         16  56   8     89.6  61  0.075  0.150  1   22.8   34.8   27.9   51.8   19.7      9.74762      7.72792     10.77328
001 PENM     NM       00         16  56   8     96.1 122  0.075  0.150  1   22.8   19.1    2.7   11.6   19.6     10.42765      4.10101     16.56382
002 HENM     NM       00         16  56   8     97.6 102  0.075  0.150  1   22.8   31.3   32.8   41.0   29.7      7.64624     20.89887     16.32085
003 GNAR     NM       00         16  56   8    114.8 156  0.075  0.150  1   22.8   15.3   27.0   10.2    6.5      8.87019     12.63365      2.28497
004 CCM      IU       00         16  56   8    141.8 334  0.075  0.150  1   22.8   18.0   24.2    9.8   27.6     26.56214     13.21701      8.63307
005 CCM      IU       10         16  56   8    141.8 334  0.075  0.150  1   22.8   17.7   23.9    9.5   27.3     26.53451     13.18238      8.62218
006 SIUC     NM       00         16  56   8    147.5  52  0.075  0.150  1   22.8   16.0   25.5  -17.4   25.2     12.97347      6.98677     12.09182
007 SLM      NM       00         16  56   8    193.9   8  0.075  0.150  1   22.8   18.3   12.4   16.2   22.1     11.77476     24.41644     14.47282
#   sta     net      loc      evdp otsec ts0    dist  az  flo    fhi  used vr_ev  vr_sta  vr_z   vr_r   vr_t        snr_z        snr_r        snr_t
000 CGM3     NM       00         14   4   0     89.6  61  0.075  0.150  1   86.5   86.5   86.9   85.4   87.3      9.74762      7.72792     10.77328
001 PENM     NM       00         14   4   0     96.1 122  0.075  0.150  1   86.5   94.0   65.6   68.8   95.2     10.42765      4.10101     16.56382
002 HENM     NM       00         14   4   0     97.6 102  0.075  0.150  1   86.5   91.4   90.9   82.8   92.6      7.64624     20.89887     16.32085
003 GNAR     NM       00         14   4   0    114.8 156  0.075  0.150  1   86.5   81.0   81.3   83.8   21.2      8.87019     12.63365      2.28497
004 CCM      IU       00         14   4   0    141.8 334  0.075  0.150  1   86.5   81.1   84.5   88.4    5.3     26.56214     13.21701      8.63307
005 CCM      IU       10         14   4   0    141.8 334  0.075  0.150  1   86.5   82.0   85.3   89.1   10.6     26.53451     13.18238      8.62218
006 SIUC     NM       00         14   4   0    147.5  52  0.075  0.150  1   86.5   69.3   72.0   43.1   85.9     12.97347      6.98677     12.09182
007 SLM      NM       00         14   4   0    193.9   8  0.075  0.150  1   86.5   88.5   84.8   85.9   91.3     11.77476     24.41644     14.47282
