    W50A       N4       00      HHZ  0.075  0.120    84.0 207  26    5.40    9.60  -3.67228  -4.62081     8.88239
    W50A       N4       00      HH1  0.075  0.120    84.0 207  26    5.80    9.40  -3.81208  -4.88030    11.70091
    W50A       N4       00      HH2  0.075  0.120    84.0 207  26    7.00   10.00  -4.88304  -5.38240     3.15763
     TKL       IM       --      BHZ  0.075  0.120   104.2 103 284    6.20    9.80  -3.69899  -5.15460    28.55077
     TKL       IM       --      BHN  0.075  0.120   104.2 103 284    4.60    9.40  -3.88985  -4.94929    11.46667
     TKL       IM       --      BHE  0.075  0.120   104.2 103 284    5.80    9.60  -4.81841  -5.78711     9.30464
    U49A       N4       00      HHZ  0.075  0.120   106.0 312 132    7.20    9.40  -3.72969  -5.04457    20.64826
    U49A       N4       00      HH1  0.075  0.120   106.0 312 132    5.20    9.40  -3.89709  -4.73426     6.87349
    U49A       N4       00      HH2  0.075  0.120   106.0 312 132    9.40   10.80  -4.89677  -5.68674     6.16546
    W52A       N4       00      HHZ  0.075  0.120   123.6 134 315    7.92    9.60  -3.69938  -4.76534    11.64042
    W52A       N4       00      HH1  0.075  0.120   123.6 134 315    9.12    9.60  -3.86499  -4.97701    12.94256
    W52A       N4       00      HH2  0.075  0.120   123.6 134 315    5.76    9.12  -5.04536  -5.25347     1.61480
    T50A       N4       00      HHZ  0.075  0.120   127.2   2 182    5.28    9.60  -3.77834  -5.12689    22.31268
    T50A       N4       00      HH1  0.075  0.120   127.2   2 182    9.84    9.60  -3.92917  -5.07425    13.96646
    T50A       N4       00      HH2  0.075  0.120   127.2   2 182    8.88   10.32  -4.94947  -5.06370     1.30085
    TZTN       US       00      BHZ  0.075  0.120   141.8  58 239    9.24    9.52  -3.68918  -4.57000     7.60003
    TZTN       US       00      BH1  0.075  0.120   141.8  58 239    5.60    9.80  -3.93196  -5.09950    14.70745
    TZTN       US       00      BH2  0.075  0.120   141.8  58 239   10.92    9.80  -4.64590  -5.20902     3.65696
    X51A       N4       00      HHZ  0.075  0.120   145.7 179 359    8.12    9.52  -3.79507  -4.72253     8.46166
    X51A       N4       00      HH1  0.075  0.120   145.7 179 359    9.24    9.80  -3.85218  -4.91682    11.60489
    X51A       N4       00      HH2  0.075  0.120   145.7 179 359    6.16    8.96  -4.85236  -5.24323     2.45962
    V48A       N4       00      HHZ  0.075  0.120   174.0 266  84   16.52    9.80  -3.80375  -5.48207    47.67777
    V48A       N4       00      HH1  0.075  0.120   174.0 266  84    6.44    9.52  -4.02457  -4.96435     8.70534
    V48A       N4       00      HH2  0.075  0.120   174.0 266  84   16.80   10.36  -5.07235  -5.54698     2.98279
