#   sta     net      loc      evdp otsec ts0    dist  az  flo    fhi  used vr_ev  vr_sta  vr_z   vr_r   vr_t        snr_z        snr_r        snr_t
000 W50A     N4       00          1  43  -8     84.0 207  0.075  0.120  1    8.1   47.3   37.4   66.2   24.4      8.88930     11.69851      3.15847
001 TKL      IM       --          1  43  -8    104.2 103  0.075  0.120  1    8.1   21.7   16.3   34.7  -30.5     28.56141     11.86903      9.32647
002 U49A     N4       00          1  43  -8    106.0 312  0.075  0.120  1    8.1  -36.0  -39.0  -27.7 -238.0     20.66196      6.87597      6.17193
003 W52A     N4       00          1  43  -8    123.6 134  0.075  0.120  1    8.1   17.2   22.8    9.1 -450.9     11.59504     12.93241      1.60830
004 T50A     N4       00          1  43  -8    127.2   2  0.075  0.120  1    8.1  -31.7  -30.6  -32.3 -169.7     22.20764     13.91583      1.29933
005 TZTN     US       00          1  43  -8    141.8  58  0.075  0.120  1    8.1  -14.1   -6.3  -22.6 -343.7      7.60868     14.70715      3.66039
006 X51A     N4       00          1  43  -8    145.7 179  0.075  0.120  1    8.1   43.2   48.9   36.4  -16.1      8.57555     11.63663      2.53154
007 V48A     N4       00          1  43  -8    174.0 266  0.075  0.120  1    8.1   -2.9   -1.5    7.7 -920.2     47.81550      8.72511      2.99636
#   sta     net      loc      evdp otsec ts0    dist  az  flo    fhi  used vr_ev  vr_sta  vr_z   vr_r   vr_t        snr_z        snr_r        snr_t
000 W50A     N4       00         24  42  -7     84.0 207  0.075  0.120  1   19.1   37.6   48.7   17.6  -27.0      8.88930     11.69851      3.15847
001 TKL      IM       --         24  42  -7    104.2 103  0.075  0.120  1   19.1   21.5   19.0   27.6  -15.4     28.56141     11.86903      9.32647
002 U49A     N4       00         24  42  -7    106.0 312  0.075  0.120  1   19.1   14.9    9.4   25.8    4.8     20.66196      6.87597      6.17193
003 W52A     N4       00         24  42  -7    123.6 134  0.075  0.120  1   19.1   33.8   35.5   30.6    4.7     11.59504     12.93241      1.60830
004 T50A     N4       00         24  42  -7    127.2   2  0.075  0.120  1   19.1  -45.6  -52.5  -34.4   -6.9     22.20764     13.91583      1.29933
005 TZTN     US       00         24  42  -7    141.8  58  0.075  0.120  1   19.1    6.3   11.4  -11.8   45.9      7.60868     14.70715      3.66039
006 X51A     N4       00         24  42  -7    145.7 179  0.075  0.120  1   19.1   55.0   51.4   61.2   -2.0      8.57555     11.63663      2.53154
007 V48A     N4       00         24  42  -7    174.0 266  0.075  0.120  1   19.1    9.5   14.0   -1.3  -28.4     47.81550      8.72511      2.99636
#   sta     net      loc      evdp otsec ts0    dist  az  flo    fhi  used vr_ev  vr_sta  vr_z   vr_r   vr_t        snr_z        snr_r        snr_t
000 W50A     N4       00          7  41  -6     84.0 207  0.075  0.120  1   59.2   71.5   78.1   60.1  -28.6      8.88930     11.69851      3.15847
001 TKL      IM       --          7  41  -6    104.2 103  0.075  0.120  1   59.2   59.6   66.9   44.8  -16.5     28.56141     11.86903      9.32647
002 U49A     N4       00          7  41  -6    106.0 312  0.075  0.120  1   59.2   67.6   73.9   55.5   61.6     20.66196      6.87597      6.17193
003 W52A     N4       00          7  41  -6    123.6 134  0.075  0.120  1   59.2   74.8   68.7   88.3  -10.5     11.59504     12.93241      1.60830
004 T50A     N4       00          7  41  -6    127.2   2  0.075  0.120  1   59.2    3.6    5.6    0.3  -34.0     22.20764     13.91583      1.29933
005 TZTN     US       00          7  41  -6    141.8  58  0.075  0.120  1   59.2   56.6   52.2   72.2   27.4      7.60868     14.70715      3.66039
006 X51A     N4       00          7  41  -6    145.7 179  0.075  0.120  1   59.2   66.4   67.9   65.8   -5.3      8.57555     11.63663      2.53154
007 V48A     N4       00          7  41  -6    174.0 266  0.075  0.120  1   59.2   51.0   57.6   39.1 -231.1     47.81550      8.72511      2.99636
#   sta     net      loc      evdp otsec ts0    dist  az  flo    fhi  used vr_ev  vr_sta  vr_z   vr_r   vr_t        snr_z        snr_r        snr_t
000 W50A     N4       00          2  40  -5     84.0 207  0.075  0.120  1   78.4   89.7   89.2   92.2  -37.5      8.88930     11.69851      3.15847
001 TKL      IM       --          2  40  -5    104.2 103  0.075  0.120  1   78.4   81.8   83.1   81.8  -90.1     28.56141     11.86903      9.32647
002 U49A     N4       00          2  40  -5    106.0 312  0.075  0.120  1   78.4   78.3   78.4   79.1  -10.8     20.66196      6.87597      6.17193
003 W52A     N4       00          2  40  -5    123.6 134  0.075  0.120  1   78.4   74.1   75.6   73.4 -238.6     11.59504     12.93241      1.60830
004 T50A     N4       00          2  40  -5    127.2   2  0.075  0.120  1   78.4   63.0   59.7   69.6  -43.0     22.20764     13.91583      1.29933
005 TZTN     US       00          2  40  -5    141.8  58  0.075  0.120  1   78.4   73.9   74.5   76.4  -13.0      7.60868     14.70715      3.66039
006 X51A     N4       00          2  40  -5    145.7 179  0.075  0.120  1   78.4   81.3   87.6   76.5 -122.8      8.57555     11.63663      2.53154
007 V48A     N4       00          2  40  -5    174.0 266  0.075  0.120  1   78.4   74.9   77.2   85.1 -966.2     47.81550      8.72511      2.99636
#   sta     net      loc      evdp otsec ts0    dist  az  flo    fhi  used vr_ev  vr_sta  vr_z   vr_r   vr_t        snr_z        snr_r        snr_t
000 W50A     N4       00          2  39  -4     84.0 207  0.075  0.120  1   45.6   68.3   65.4   74.2   16.3      8.88930     11.69851      3.15847
001 TKL      IM       --          2  39  -4    104.2 103  0.075  0.120  1   45.6   60.9   59.9   64.9  -40.2     28.56141     11.86903      9.32647
002 U49A     N4       00          2  39  -4    106.0 312  0.075  0.120  1   45.6    4.4    4.4    6.1 -128.5     20.66196      6.87597      6.17193
003 W52A     N4       00          2  39  -4    123.6 134  0.075  0.120  1   45.6   45.5   50.9   38.7 -471.8     11.59504     12.93241      1.60830
004 T50A     N4       00          2  39  -4    127.2   2  0.075  0.120  1   45.6   40.5   37.6   47.1 -105.4     22.20764     13.91583      1.29933
005 TZTN     US       00          2  39  -4    141.8  58  0.075  0.120  1   45.6   29.9   35.5   25.1 -231.6      7.60868     14.70715      3.66039
006 X51A     N4       00          2  39  -4    145.7 179  0.075  0.120  1   45.6   67.5   74.7   60.9  -93.9      8.57555     11.63663      2.53154
007 V48A     N4       00          2  39  -4    174.0 266  0.075  0.120  1   45.6   44.1   43.2   65.1 -1164.3     47.81550      8.72511      2.99636
#   sta     net      loc      evdp otsec ts0    dist  az  flo    fhi  used vr_ev  vr_sta  vr_z   vr_r   vr_t        snr_z        snr_r        snr_t
000 W50A     N4       00          2  38  -3     84.0 207  0.075  0.120  1    7.7   43.4   43.6   43.1   51.2      8.88930     11.69851      3.15847
001 TKL      IM       --          2  38  -3    104.2 103  0.075  0.120  1    7.7   30.2   31.3   28.4   -6.3     28.56141     11.86903      9.32647
002 U49A     N4       00          2  38  -3    106.0 312  0.075  0.120  1    7.7  -49.6  -46.0  -56.1  -93.7     20.66196      6.87597      6.17193
003 W52A     N4       00          2  38  -3    123.6 134  0.075  0.120  1    7.7   33.2   34.7   34.0 -398.8     11.59504     12.93241      1.60830
004 T50A     N4       00          2  38  -3    127.2   2  0.075  0.120  1    7.7  -37.3  -36.4  -38.0 -114.9     22.20764     13.91583      1.29933
005 TZTN     US       00          2  38  -3    141.8  58  0.075  0.120  1    7.7  -19.3  -14.5  -21.0 -292.1      7.60868     14.70715      3.66039
006 X51A     N4       00          2  38  -3    145.7 179  0.075  0.120  1    7.7   45.8   48.2   43.5   -4.1      8.57555     11.63663      2.53154
007 V48A     N4       00          2  38  -3    174.0 266  0.075  0.120  1    7.7   -7.1   -7.1    1.4 -555.9     47.81550      8.72511      2.99636
#   sta     net      loc      evdp otsec ts0    dist  az  flo    fhi  used vr_ev  vr_sta  vr_z   vr_r   vr_t        snr_z        snr_r        snr_t
000 W50A     N4       00          3  37  -2     84.0 207  0.075  0.120  1   24.0   51.9   55.8   44.9   10.0      8.88930     11.69851      3.15847
001 TKL      IM       --          3  37  -2    104.2 103  0.075  0.120  1   24.0   38.9   43.1   30.9  -32.6     28.56141     11.86903      9.32647
002 U49A     N4       00          3  37  -2    106.0 312  0.075  0.120  1   24.0   -0.7    4.3  -10.5   23.6     20.66196      6.87597      6.17193
003 W52A     N4       00          3  37  -2    123.6 134  0.075  0.120  1   24.0   57.2   53.2   67.1 -124.2     11.59504     12.93241      1.60830
004 T50A     N4       00          3  37  -2    127.2   2  0.075  0.120  1   24.0  -52.4  -47.5  -60.9  -50.3     22.20764     13.91583      1.29933
005 TZTN     US       00          3  37  -2    141.8  58  0.075  0.120  1   24.0    8.8    7.9   16.3  -82.3      7.60868     14.70715      3.66039
006 X51A     N4       00          3  37  -2    145.7 179  0.075  0.120  1   24.0   52.0   50.3   55.1   18.3      8.57555     11.63663      2.53154
007 V48A     N4       00          3  37  -2    174.0 266  0.075  0.120  1   24.0    0.4    4.3   -9.0  -14.6     47.81550      8.72511      2.99636
#   sta     net      loc      evdp otsec ts0    dist  az  flo    fhi  used vr_ev  vr_sta  vr_z   vr_r   vr_t        snr_z        snr_r        snr_t
000 W50A     N4       00          3  36  -1     84.0 207  0.075  0.120  1   75.9   88.2   90.6   85.0  -21.2      8.88930     11.69851      3.15847
001 TKL      IM       --          3  36  -1    104.2 103  0.075  0.120  1   75.9   79.9   83.5   74.1  -51.3     28.56141     11.86903      9.32647
002 U49A     N4       00          3  36  -1    106.0 312  0.075  0.120  1   75.9   83.9   86.6   79.1   39.9     20.66196      6.87597      6.17193
003 W52A     N4       00          3  36  -1    123.6 134  0.075  0.120  1   75.9   89.4   86.3   96.8   -5.0     11.59504     12.93241      1.60830
004 T50A     N4       00          3  36  -1    127.2   2  0.075  0.120  1   75.9   22.7   28.1   13.7    7.4     22.20764     13.91583      1.29933
005 TZTN     US       00          3  36  -1    141.8  58  0.075  0.120  1   75.9   74.3   71.9   82.4   65.5      7.60868     14.70715      3.66039
006 X51A     N4       00          3  36  -1    145.7 179  0.075  0.120  1   75.9   83.2   83.1   85.8  -39.2      8.57555     11.63663      2.53154
007 V48A     N4       00          3  36  -1    174.0 266  0.075  0.120  1   75.9   59.2   64.9   50.6 -303.7     47.81550      8.72511      2.99636
#   sta     net      loc      evdp otsec ts0    dist  az  flo    fhi  used vr_ev  vr_sta  vr_z   vr_r   vr_t        snr_z        snr_r        snr_t
000 W50A     N4       00          2  35   0     84.0 207  0.075  0.120  1   90.5   95.4   95.4   96.5  -11.9      8.88930     11.69851      3.15847
001 TKL      IM       --          2  35   0    104.2 103  0.075  0.120  1   90.5   94.9   97.7   91.9 -103.0     28.56141     11.86903      9.32647
002 U49A     N4       00          2  35   0    106.0 312  0.075  0.120  1   90.5   81.9   84.8   78.2  -86.9     20.66196      6.87597      6.17193
003 W52A     N4       00          2  35   0    123.6 134  0.075  0.120  1   90.5   87.4   90.6   84.0 -272.0     11.59504     12.93241      1.60830
004 T50A     N4       00          2  35   0    127.2   2  0.075  0.120  1   90.5   89.9   92.7   86.2   -1.7     22.20764     13.91583      1.29933
005 TZTN     US       00          2  35   0    141.8  58  0.075  0.120  1   90.5   89.6   92.3   87.7  -47.2      7.60868     14.70715      3.66039
006 X51A     N4       00          2  35   0    145.7 179  0.075  0.120  1   90.5   94.0   97.5   93.3 -121.4      8.57555     11.63663      2.53154
007 V48A     N4       00          2  35   0    174.0 266  0.075  0.120  1   90.5   90.2   95.5   97.8 -1235.1     47.81550      8.72511      2.99636
#   sta     net      loc      evdp otsec ts0    dist  az  flo    fhi  used vr_ev  vr_sta  vr_z   vr_r   vr_t        snr_z        snr_r        snr_t
000 W50A     N4       00          2  34   1     84.0 207  0.075  0.120  1   49.1   64.8   65.6   63.5   34.2      8.88930     11.69851      3.15847
001 TKL      IM       --          2  34   1    104.2 103  0.075  0.120  1   49.1   65.0   69.4   56.7  -27.4     28.56141     11.86903      9.32647
002 U49A     N4       00          2  34   1    106.0 312  0.075  0.120  1   49.1   -1.0    7.3  -15.2 -169.8     20.66196      6.87597      6.17193
003 W52A     N4       00          2  34   1    123.6 134  0.075  0.120  1   49.1   56.8   63.3   48.0 -491.0     11.59504     12.93241      1.60830
004 T50A     N4       00          2  34   1    127.2   2  0.075  0.120  1   49.1   54.8   57.2   52.0  -38.3     22.20764     13.91583      1.29933
005 TZTN     US       00          2  34   1    141.8  58  0.075  0.120  1   49.1   33.5   41.5   22.8 -260.1      7.60868     14.70715      3.66039
006 X51A     N4       00          2  34   1    145.7 179  0.075  0.120  1   49.1   71.5   73.9   71.0  -80.8      8.57555     11.63663      2.53154
007 V48A     N4       00          2  34   1    174.0 266  0.075  0.120  1   49.1   51.9   53.6   68.6 -1338.3     47.81550      8.72511      2.99636
#   sta     net      loc      evdp otsec ts0    dist  az  flo    fhi  used vr_ev  vr_sta  vr_z   vr_r   vr_t        snr_z        snr_r        snr_t
000 W50A     N4       00          2  33   2     84.0 207  0.075  0.120  1    9.5   38.0   41.8   30.4   53.6      8.88930     11.69851      3.15847
001 TKL      IM       --          2  33   2    104.2 103  0.075  0.120  1    9.5   34.8   40.6   22.3   23.3     28.56141     11.86903      9.32647
002 U49A     N4       00          2  33   2    106.0 312  0.075  0.120  1    9.5  -44.1  -33.1  -65.1  -74.9     20.66196      6.87597      6.17193
003 W52A     N4       00          2  33   2    123.6 134  0.075  0.120  1    9.5   37.0   40.6   33.3 -409.0     11.59504     12.93241      1.60830
004 T50A     N4       00          2  33   2    127.2   2  0.075  0.120  1    9.5  -35.9  -30.5  -45.3  -27.4     22.20764     13.91583      1.29933
005 TZTN     US       00          2  33   2    141.8  58  0.075  0.120  1    9.5  -14.3   -8.0  -22.4 -251.0      7.60868     14.70715      3.66039
006 X51A     N4       00          2  33   2    145.7 179  0.075  0.120  1    9.5   45.2   43.6   48.2    2.1      8.57555     11.63663      2.53154
007 V48A     N4       00          2  33   2    174.0 266  0.075  0.120  1    9.5   -4.8   -5.7    5.0 -490.9     47.81550      8.72511      2.99636
#   sta     net      loc      evdp otsec ts0    dist  az  flo    fhi  used vr_ev  vr_sta  vr_z   vr_r   vr_t        snr_z        snr_r        snr_t
000 W50A     N4       00          1  32   3     84.0 207  0.075  0.120  1   27.0   50.2   58.5   34.4   53.6      8.88930     11.69851      3.15847
001 TKL      IM       --          1  32   3    104.2 103  0.075  0.120  1   27.0   45.4   49.2   39.7 -123.4     28.56141     11.86903      9.32647
002 U49A     N4       00          1  32   3    106.0 312  0.075  0.120  1   27.0   20.1   25.6    8.9   62.2     20.66196      6.87597      6.17193
003 W52A     N4       00          1  32   3    123.6 134  0.075  0.120  1   27.0   54.3   51.9   62.2 -289.2     11.59504     12.93241      1.60830
004 T50A     N4       00          1  32   3    127.2   2  0.075  0.120  1   27.0  -51.1  -43.0  -65.3   -1.1     22.20764     13.91583      1.29933
005 TZTN     US       00          1  32   3    141.8  58  0.075  0.120  1   27.0    7.0    7.5    8.6  -52.0      7.60868     14.70715      3.66039
006 X51A     N4       00          1  32   3    145.7 179  0.075  0.120  1   27.0   49.4   47.4   54.4  -79.5      8.57555     11.63663      2.53154
007 V48A     N4       00          1  32   3    174.0 266  0.075  0.120  1   27.0   -0.3    0.5   -2.1   -5.1     47.81550      8.72511      2.99636
#   sta     net      loc      evdp otsec ts0    dist  az  flo    fhi  used vr_ev  vr_sta  vr_z   vr_r   vr_t        snr_z        snr_r        snr_t
000 W50A     N4       00          2  31   4     84.0 207  0.075  0.120  1   72.2   78.1   80.9   73.5   -6.5      8.88930     11.69851      3.15847
001 TKL      IM       --          2  31   4    104.2 103  0.075  0.120  1   72.2   80.1   79.4   84.6 -108.6     28.56141     11.86903      9.32647
002 U49A     N4       00          2  31   4    106.0 312  0.075  0.120  1   72.2   81.4   79.7   85.7   -8.2     20.66196      6.87597      6.17193
003 W52A     N4       00          2  31   4    123.6 134  0.075  0.120  1   72.2   80.4   78.3   86.1  -63.4     11.59504     12.93241      1.60830
004 T50A     N4       00          2  31   4    127.2   2  0.075  0.120  1   72.2   34.9   41.2   24.3   27.3     22.20764     13.91583      1.29933
005 TZTN     US       00          2  31   4    141.8  58  0.075  0.120  1   72.2   70.0   69.3   72.8   56.3      7.60868     14.70715      3.66039
006 X51A     N4       00          2  31   4    145.7 179  0.075  0.120  1   72.2   75.9   78.3   75.4  -83.8      8.57555     11.63663      2.53154
007 V48A     N4       00          2  31   4    174.0 266  0.075  0.120  1   72.2   55.3   59.9   52.2 -518.3     47.81550      8.72511      2.99636
#   sta     net      loc      evdp otsec ts0    dist  az  flo    fhi  used vr_ev  vr_sta  vr_z   vr_r   vr_t        snr_z        snr_r        snr_t
000 W50A     N4       00          2  30   5     84.0 207  0.075  0.120  1   80.0   81.7   82.8   80.3   12.7      8.88930     11.69851      3.15847
001 TKL      IM       --          2  30   5    104.2 103  0.075  0.120  1   80.0   86.0   85.9   89.1  -95.6     28.56141     11.86903      9.32647
002 U49A     N4       00          2  30   5    106.0 312  0.075  0.120  1   80.0   67.4   68.8   67.0 -133.8     20.66196      6.87597      6.17193
003 W52A     N4       00          2  30   5    123.6 134  0.075  0.120  1   80.0   77.2   80.4   73.1 -295.7     11.59504     12.93241      1.60830
004 T50A     N4       00          2  30   5    127.2   2  0.075  0.120  1   80.0   92.5   95.1   89.1   14.2     22.20764     13.91583      1.29933
005 TZTN     US       00          2  30   5    141.8  58  0.075  0.120  1   80.0   73.0   77.9   64.7  -75.5      7.60868     14.70715      3.66039
006 X51A     N4       00          2  30   5    145.7 179  0.075  0.120  1   80.0   83.7   89.0   79.7 -111.4      8.57555     11.63663      2.53154
007 V48A     N4       00          2  30   5    174.0 266  0.075  0.120  1   80.0   84.0   91.3   85.6 -1342.4     47.81550      8.72511      2.99636
#   sta     net      loc      evdp otsec ts0    dist  az  flo    fhi  used vr_ev  vr_sta  vr_z   vr_r   vr_t        snr_z        snr_r        snr_t
000 W50A     N4       00         25  29   6     84.0 207  0.075  0.120  1   45.0   39.7   41.3   36.9   22.2      8.88930     11.69851      3.15847
001 TKL      IM       --         25  29   6    104.2 103  0.075  0.120  1   45.0   62.5   65.1   57.0   35.8     28.56141     11.86903      9.32647
002 U49A     N4       00         25  29   6    106.0 312  0.075  0.120  1   45.0   30.3   39.1   14.9 -116.7     20.66196      6.87597      6.17193
003 W52A     N4       00         25  29   6    123.6 134  0.075  0.120  1   45.0   34.6   37.5   33.6 -679.2     11.59504     12.93241      1.60830
004 T50A     N4       00         25  29   6    127.2   2  0.075  0.120  1   45.0   70.6   73.5   69.6 -265.1     22.20764     13.91583      1.29933
005 TZTN     US       00         25  29   6    141.8  58  0.075  0.120  1   45.0   39.4   43.6   32.7  -99.8      7.60868     14.70715      3.66039
006 X51A     N4       00         25  29   6    145.7 179  0.075  0.120  1   45.0   43.6   49.2   41.3 -279.2      8.57555     11.63663      2.53154
007 V48A     N4       00         25  29   6    174.0 266  0.075  0.120  1   45.0   46.7   56.0   59.1 -2655.4     47.81550      8.72511      2.99636
#   sta     net      loc      evdp otsec ts0    dist  az  flo    fhi  used vr_ev  vr_sta  vr_z   vr_r   vr_t        snr_z        snr_r        snr_t
000 W50A     N4       00          1  28   7     84.0 207  0.075  0.120  1   11.7   25.2   33.7    8.7   53.9      8.88930     11.69851      3.15847
001 TKL      IM       --          1  28   7    104.2 103  0.075  0.120  1   11.7   36.4   46.0   15.0   44.8     28.56141     11.86903      9.32647
002 U49A     N4       00          1  28   7    106.0 312  0.075  0.120  1   11.7  -14.5    3.0  -47.4  -78.1     20.66196      6.87597      6.17193
003 W52A     N4       00          1  28   7    123.6 134  0.075  0.120  1   11.7   33.9   40.0   24.0 -396.5     11.59504     12.93241      1.60830
004 T50A     N4       00          1  28   7    127.2   2  0.075  0.120  1   11.7  -33.0  -21.4  -53.3    9.9     22.20764     13.91583      1.29933
005 TZTN     US       00          1  28   7    141.8  58  0.075  0.120  1   11.7   -8.2    1.3  -25.2 -280.7      7.60868     14.70715      3.66039
006 X51A     N4       00          1  28   7    145.7 179  0.075  0.120  1   11.7   34.8   30.9   41.4  -25.2      8.57555     11.63663      2.53154
007 V48A     N4       00          1  28   7    174.0 266  0.075  0.120  1   11.7   -0.6    1.8    3.4 -774.2     47.81550      8.72511      2.99636
#   sta     net      loc      evdp otsec ts0    dist  az  flo    fhi  used vr_ev  vr_sta  vr_z   vr_r   vr_t        snr_z        snr_r        snr_t
000 W50A     N4       00          1  27   8     84.0 207  0.075  0.120  1   26.4   35.4   46.1   14.9   46.4      8.88930     11.69851      3.15847
001 TKL      IM       --          1  27   8    104.2 103  0.075  0.120  1   26.4   42.2   48.2   31.6 -143.0     28.56141     11.86903      9.32647
002 U49A     N4       00          1  27   8    106.0 312  0.075  0.120  1   26.4   30.7   38.2   16.1   37.5     20.66196      6.87597      6.17193
003 W52A     N4       00          1  27   8    123.6 134  0.075  0.120  1   26.4   43.7   44.1   45.3 -277.2     11.59504     12.93241      1.60830
004 T50A     N4       00          1  27   8    127.2   2  0.075  0.120  1   26.4  -27.8  -15.3  -49.6    9.0     22.20764     13.91583      1.29933
005 TZTN     US       00          1  27   8    141.8  58  0.075  0.120  1   26.4   16.9   19.7    9.5  -14.8      7.60868     14.70715      3.66039
006 X51A     N4       00          1  27   8    145.7 179  0.075  0.120  1   26.4   35.6   34.0   40.0 -102.5      8.57555     11.63663      2.53154
007 V48A     N4       00          1  27   8    174.0 266  0.075  0.120  1   26.4    5.9    4.8    9.7  -54.8     47.81550      8.72511      2.99636
#   sta     net      loc      evdp otsec ts0    dist  az  flo    fhi  used vr_ev  vr_sta  vr_z   vr_r   vr_t        snr_z        snr_r        snr_t
000 W50A     N4       00          2  35   0     84.0 207  0.075  0.120  1   90.5   95.4   95.4   96.5  -11.9      8.88930     11.69851      3.15847
001 TKL      IM       --          2  35   0    104.2 103  0.075  0.120  1   90.5   94.9   97.7   91.9 -103.0     28.56141     11.86903      9.32647
002 U49A     N4       00          2  35   0    106.0 312  0.075  0.120  1   90.5   81.9   84.8   78.2  -86.9     20.66196      6.87597      6.17193
003 W52A     N4       00          2  35   0    123.6 134  0.075  0.120  1   90.5   87.4   90.6   84.0 -272.0     11.59504     12.93241      1.60830
004 T50A     N4       00          2  35   0    127.2   2  0.075  0.120  1   90.5   89.9   92.7   86.2   -1.7     22.20764     13.91583      1.29933
005 TZTN     US       00          2  35   0    141.8  58  0.075  0.120  1   90.5   89.6   92.3   87.7  -47.2      7.60868     14.70715      3.66039
006 X51A     N4       00          2  35   0    145.7 179  0.075  0.120  1   90.5   94.0   97.5   93.3 -121.4      8.57555     11.63663      2.53154
007 V48A     N4       00          2  35   0    174.0 266  0.075  0.120  1   90.5   90.2   95.5   97.8 -1235.1     47.81550      8.72511      2.99636
